<?xml version="1.0" encoding="UTF-8"?>
<!-- Generated by org.testng.reporters.JUnitXMLReporter -->
<testsuite hostname="dsd-lpt-0111" name="Default test" tests="1" failures="0" timestamp="29 Apr 2017 18:24:44 GMT" time="0.037" errors="0">
  <testcase name="@BeforeTest SelectBrowser" time="0.0" classname="com.amezon.test.FirstPageTest">
    <failure type="org.testng.TestNGException" message="
Parameter &amp;apos;BrowseType&amp;apos; is required by @Configuration on method SelectBrowser but has not been marked @Optional or defined
in C:\Users\pavan.tuptewar\AppData\Local\Temp\testng-eclipse-861234986\testng-customsuite.xml">
      <![CDATA[org.testng.TestNGException: 
Parameter 'BrowseType' is required by @Configuration on method SelectBrowser but has not been marked @Optional or defined
in C:\Users\pavan.tuptewar\AppData\Local\Temp\testng-eclipse-861234986\testng-customsuite.xml
	at org.testng.internal.Parameters.createParameters(Parameters.java:154)
	at org.testng.internal.Parameters.createParameters(Parameters.java:361)
	at org.testng.internal.Parameters.createConfigurationParameters(Parameters.java:84)
	at org.testng.internal.Invoker.invokeConfigurations(Invoker.java:197)
	at org.testng.internal.Invoker.invokeConfigurations(Invoker.java:138)
	at org.testng.TestRunner.beforeRun(TestRunner.java:648)
	at org.testng.TestRunner.run(TestRunner.java:616)
	at org.testng.SuiteRunner.runTest(SuiteRunner.java:359)
	at org.testng.SuiteRunner.runSequentially(SuiteRunner.java:354)
	at org.testng.SuiteRunner.privateRun(SuiteRunner.java:312)
	at org.testng.SuiteRunner.run(SuiteRunner.java:261)
	at org.testng.SuiteRunnerWorker.runSuite(SuiteRunnerWorker.java:52)
	at org.testng.SuiteRunnerWorker.run(SuiteRunnerWorker.java:86)
	at org.testng.TestNG.runSuitesSequentially(TestNG.java:1215)
	at org.testng.TestNG.runSuitesLocally(TestNG.java:1140)
	at org.testng.TestNG.run(TestNG.java:1048)
	at org.testng.remote.AbstractRemoteTestNG.run(AbstractRemoteTestNG.java:132)
	at org.testng.remote.RemoteTestNG.initAndRun(RemoteTestNG.java:230)
	at org.testng.remote.RemoteTestNG.main(RemoteTestNG.java:76)
]]>
    </failure>
  </testcase> <!-- @BeforeTest SelectBrowser -->
  <testcase name="testVerifyTitle" time="0.006" classname="com.amezon.test.FirstPageTest">
    <skipped/>
  </testcase> <!-- testVerifyTitle -->
</testsuite> <!-- Default test -->
